2020-01-31 14:35:05.836  INFO 14400 --- [main] h.s.study.ProfileStudyApplication        : Starting ProfileStudyApplication on DESKTOP-1E2QRRD with PID 14400 (started by rlagu in C:\Users\rlagu\OneDrive\바탕 화면\Springboot-study\Profile_study)
2020-01-31 14:35:05.840  INFO 14400 --- [main] h.s.study.ProfileStudyApplication        : The following profiles are active: prod,proddb
2020-01-31 14:35:06.485  INFO 14400 --- [main] h.s.study.ProfileStudyApplication        : Started ProfileStudyApplication in 1.048 seconds (JVM running for 2.218)
2020-01-31 14:36:20.492  INFO 15540 --- [main] h.s.study.ProfileStudyApplication        : Starting ProfileStudyApplication on DESKTOP-1E2QRRD with PID 15540 (started by rlagu in C:\Users\rlagu\OneDrive\바탕 화면\Springboot-study\Profile_study)
2020-01-31 14:36:20.495 DEBUG 15540 --- [main] h.s.study.ProfileStudyApplication        : Running with Spring Boot v2.2.4.RELEASE, Spring v5.2.3.RELEASE
2020-01-31 14:36:20.496  INFO 15540 --- [main] h.s.study.ProfileStudyApplication        : The following profiles are active: prod,proddb
2020-01-31 14:36:21.125  INFO 15540 --- [main] h.s.study.ProfileStudyApplication        : Started ProfileStudyApplication in 1.111 seconds (JVM running for 2.487)
2020-01-31 14:38:06.799  INFO 16816 --- [main] h.s.study.ProfileStudyApplication        : Starting ProfileStudyApplication on DESKTOP-1E2QRRD with PID 16816 (started by rlagu in C:\Users\rlagu\OneDrive\바탕 화면\Springboot-study\Profile_study)
2020-01-31 14:38:06.803 DEBUG 16816 --- [main] h.s.study.ProfileStudyApplication        : Running with Spring Boot v2.2.4.RELEASE, Spring v5.2.3.RELEASE
2020-01-31 14:38:06.806  INFO 16816 --- [main] h.s.study.ProfileStudyApplication        : The following profiles are active: prod,proddb
2020-01-31 14:38:07.521  INFO 16816 --- [main] h.s.study.ProfileStudyApplication        : Started ProfileStudyApplication in 1.085 seconds (JVM running for 2.229)
2020-01-31 14:38:07.523  INFO 16816 --- [main] hj.springboot.study.AppRunner            : ===================================
2020-01-31 14:38:07.523  INFO 16816 --- [main] hj.springboot.study.AppRunner            : KHJ
2020-01-31 14:38:07.523  INFO 16816 --- [main] hj.springboot.study.AppRunner            : ===================================
2020-01-31 14:39:00.086  INFO 3696 --- [main] h.s.study.ProfileStudyApplication        : Starting ProfileStudyApplication on DESKTOP-1E2QRRD with PID 3696 (started by rlagu in C:\Users\rlagu\OneDrive\바탕 화면\Springboot-study\Profile_study)
2020-01-31 14:39:00.089 DEBUG 3696 --- [main] h.s.study.ProfileStudyApplication        : Running with Spring Boot v2.2.4.RELEASE, Spring v5.2.3.RELEASE
2020-01-31 14:39:00.090  INFO 3696 --- [main] h.s.study.ProfileStudyApplication        : The following profiles are active: prod,proddb
2020-01-31 14:39:00.634  INFO 3696 --- [main] h.s.study.ProfileStudyApplication        : Started ProfileStudyApplication in 1.02 seconds (JVM running for 2.35)
2020-01-31 14:39:00.638  INFO 3696 --- [main] hj.springboot.study.AppRunner            : ===================================
2020-01-31 14:39:00.638  INFO 3696 --- [main] hj.springboot.study.AppRunner            : KHJ
2020-01-31 14:39:00.638  INFO 3696 --- [main] hj.springboot.study.AppRunner            : prod
2020-01-31 14:39:00.639  INFO 3696 --- [main] hj.springboot.study.AppRunner            : 19
2020-01-31 14:39:27.418  INFO 15436 --- [main] h.s.study.ProfileStudyApplication        : Starting ProfileStudyApplication on DESKTOP-1E2QRRD with PID 15436 (started by rlagu in C:\Users\rlagu\OneDrive\바탕 화면\Springboot-study\Profile_study)
2020-01-31 14:39:27.420 DEBUG 15436 --- [main] h.s.study.ProfileStudyApplication        : Running with Spring Boot v2.2.4.RELEASE, Spring v5.2.3.RELEASE
2020-01-31 14:39:27.424  INFO 15436 --- [main] h.s.study.ProfileStudyApplication        : The following profiles are active: prod,proddb
2020-01-31 14:39:27.932  INFO 15436 --- [main] h.s.study.ProfileStudyApplication        : Started ProfileStudyApplication in 0.887 seconds (JVM running for 2.003)
2020-01-31 14:39:27.933  INFO 15436 --- [main] hj.springboot.study.AppRunner            : ===================================
2020-01-31 14:39:27.934  INFO 15436 --- [main] hj.springboot.study.AppRunner            : KHJ
2020-01-31 14:39:27.934  INFO 15436 --- [main] hj.springboot.study.AppRunner            : prod
2020-01-31 14:39:27.934 DEBUG 15436 --- [main] hj.springboot.study.AppRunner            : 19
2020-01-31 14:41:41.560 DEBUG 3268 --- [main] .c.l.ClasspathLoggingApplicationListener : Application started with classpath: [file:/C:/Users/rlagu/OneDrive/%eb%b0%94%ed%83%95%20%ed%99%94%eb%a9%b4/Springboot-study/Profile_study/target/classes/, file:/C:/Users/rlagu/.m2/repository/org/springframework/boot/spring-boot-starter/2.2.4.RELEASE/spring-boot-starter-2.2.4.RELEASE.jar, file:/C:/Users/rlagu/.m2/repository/org/springframework/boot/spring-boot/2.2.4.RELEASE/spring-boot-2.2.4.RELEASE.jar, file:/C:/Users/rlagu/.m2/repository/org/springframework/spring-context/5.2.3.RELEASE/spring-context-5.2.3.RELEASE.jar, file:/C:/Users/rlagu/.m2/repository/org/springframework/spring-aop/5.2.3.RELEASE/spring-aop-5.2.3.RELEASE.jar, file:/C:/Users/rlagu/.m2/repository/org/springframework/spring-beans/5.2.3.RELEASE/spring-beans-5.2.3.RELEASE.jar, file:/C:/Users/rlagu/.m2/repository/org/springframework/spring-expression/5.2.3.RELEASE/spring-expression-5.2.3.RELEASE.jar, file:/C:/Users/rlagu/.m2/repository/org/springframework/boot/spring-boot-autoconfigure/2.2.4.RELEASE/spring-boot-autoconfigure-2.2.4.RELEASE.jar, file:/C:/Users/rlagu/.m2/repository/org/springframework/boot/spring-boot-starter-logging/2.2.4.RELEASE/spring-boot-starter-logging-2.2.4.RELEASE.jar, file:/C:/Users/rlagu/.m2/repository/ch/qos/logback/logback-classic/1.2.3/logback-classic-1.2.3.jar, file:/C:/Users/rlagu/.m2/repository/ch/qos/logback/logback-core/1.2.3/logback-core-1.2.3.jar, file:/C:/Users/rlagu/.m2/repository/org/apache/logging/log4j/log4j-to-slf4j/2.12.1/log4j-to-slf4j-2.12.1.jar, file:/C:/Users/rlagu/.m2/repository/org/apache/logging/log4j/log4j-api/2.12.1/log4j-api-2.12.1.jar, file:/C:/Users/rlagu/.m2/repository/org/slf4j/jul-to-slf4j/1.7.30/jul-to-slf4j-1.7.30.jar, file:/C:/Users/rlagu/.m2/repository/jakarta/annotation/jakarta.annotation-api/1.3.5/jakarta.annotation-api-1.3.5.jar, file:/C:/Users/rlagu/.m2/repository/org/springframework/spring-core/5.2.3.RELEASE/spring-core-5.2.3.RELEASE.jar, file:/C:/Users/rlagu/.m2/repository/org/springframework/spring-jcl/5.2.3.RELEASE/spring-jcl-5.2.3.RELEASE.jar, file:/C:/Users/rlagu/.m2/repository/org/yaml/snakeyaml/1.25/snakeyaml-1.25.jar, file:/C:/Users/rlagu/.m2/repository/org/slf4j/slf4j-api/1.7.30/slf4j-api-1.7.30.jar, file:/C:/Users/rlagu/.m2/repository/org/springframework/boot/spring-boot-configuration-processor/2.2.4.RELEASE/spring-boot-configuration-processor-2.2.4.RELEASE.jar]
2020-01-31 14:41:41.644  INFO 3268 --- [main] h.s.study.ProfileStudyApplication        : Starting ProfileStudyApplication on DESKTOP-1E2QRRD with PID 3268 (started by rlagu in C:\Users\rlagu\OneDrive\바탕 화면\Springboot-study\Profile_study)
2020-01-31 14:41:41.645  INFO 3268 --- [main] h.s.study.ProfileStudyApplication        : The following profiles are active: prod,proddb
2020-01-31 14:41:41.645 DEBUG 3268 --- [main] o.s.boot.SpringApplication               : Loading source class hj.springboot.study.ProfileStudyApplication
2020-01-31 14:41:41.696 DEBUG 3268 --- [main] o.s.b.c.c.ConfigFileApplicationListener  : Activated activeProfiles prod
2020-01-31 14:41:41.696 DEBUG 3268 --- [main] o.s.b.c.c.ConfigFileApplicationListener  : Loaded config file 'file:/C:/Users/rlagu/OneDrive/%eb%b0%94%ed%83%95%20%ed%99%94%eb%a9%b4/Springboot-study/Profile_study/target/classes/application.properties' (classpath:/application.properties)
2020-01-31 14:41:41.697 DEBUG 3268 --- [main] o.s.b.c.c.ConfigFileApplicationListener  : Loaded config file 'file:/C:/Users/rlagu/OneDrive/%eb%b0%94%ed%83%95%20%ed%99%94%eb%a9%b4/Springboot-study/Profile_study/target/classes/application-prod.properties' (classpath:/application-prod.properties) for profile prod
2020-01-31 14:41:41.697 DEBUG 3268 --- [main] o.s.b.c.c.ConfigFileApplicationListener  : Loaded config file 'file:/C:/Users/rlagu/OneDrive/%eb%b0%94%ed%83%95%20%ed%99%94%eb%a9%b4/Springboot-study/Profile_study/target/classes/application-proddb.properties' (classpath:/application-proddb.properties) for profile proddb
2020-01-31 14:41:41.702 DEBUG 3268 --- [main] s.c.a.AnnotationConfigApplicationContext : Refreshing org.springframework.context.annotation.AnnotationConfigApplicationContext@22a637e7
2020-01-31 14:41:41.716 DEBUG 3268 --- [main] o.s.b.f.s.DefaultListableBeanFactory     : Creating shared instance of singleton bean 'org.springframework.context.annotation.internalConfigurationAnnotationProcessor'
2020-01-31 14:41:41.730 DEBUG 3268 --- [main] o.s.b.f.s.DefaultListableBeanFactory     : Creating shared instance of singleton bean 'org.springframework.boot.autoconfigure.internalCachingMetadataReaderFactory'
2020-01-31 14:41:41.789 DEBUG 3268 --- [main] o.s.c.a.ClassPathBeanDefinitionScanner   : Identified candidate component class: file [C:\Users\rlagu\OneDrive\바탕 화면\Springboot-study\Profile_study\target\classes\hj\springboot\study\AppRunner.class]
2020-01-31 14:41:41.806 DEBUG 3268 --- [main] o.s.c.a.ClassPathBeanDefinitionScanner   : Identified candidate component class: file [C:\Users\rlagu\OneDrive\바탕 화면\Springboot-study\Profile_study\target\classes\hj\springboot\study\config\BaseConfiguration.class]
2020-01-31 14:41:41.810 DEBUG 3268 --- [main] o.s.c.a.ClassPathBeanDefinitionScanner   : Identified candidate component class: file [C:\Users\rlagu\OneDrive\바탕 화면\Springboot-study\Profile_study\target\classes\hj\springboot\study\girl.class]
2020-01-31 14:41:41.890 DEBUG 3268 --- [main] o.s.c.e.PropertySourcesPropertyResolver  : Found key 'spring.jmx.enabled' in PropertySource 'configurationProperties' with value of type String
2020-01-31 14:41:41.892 DEBUG 3268 --- [main] o.s.c.e.PropertySourcesPropertyResolver  : Found key 'spring.application.admin.enabled' in PropertySource 'configurationProperties' with value of type String
2020-01-31 14:41:41.952 DEBUG 3268 --- [main] o.s.c.e.PropertySourcesPropertyResolver  : Found key 'spring.jmx.enabled' in PropertySource 'configurationProperties' with value of type String
2020-01-31 14:41:41.961 DEBUG 3268 --- [main] o.s.c.e.PropertySourcesPropertyResolver  : Found key 'spring.application.admin.enabled' in PropertySource 'configurationProperties' with value of type String
2020-01-31 14:41:42.066 DEBUG 3268 --- [main] o.s.b.f.s.DefaultListableBeanFactory     : Creating shared instance of singleton bean 'propertySourcesPlaceholderConfigurer'
2020-01-31 14:41:42.074 DEBUG 3268 --- [main] o.s.b.f.s.DefaultListableBeanFactory     : Creating shared instance of singleton bean 'org.springframework.boot.context.properties.ConfigurationPropertiesBeanDefinitionValidator'
2020-01-31 14:41:42.085 DEBUG 3268 --- [main] o.s.b.f.s.DefaultListableBeanFactory     : Creating shared instance of singleton bean 'org.springframework.context.event.internalEventListenerProcessor'
2020-01-31 14:41:42.086 DEBUG 3268 --- [main] o.s.b.f.s.DefaultListableBeanFactory     : Creating shared instance of singleton bean 'org.springframework.context.event.internalEventListenerFactory'
2020-01-31 14:41:42.089 DEBUG 3268 --- [main] o.s.b.f.s.DefaultListableBeanFactory     : Creating shared instance of singleton bean 'org.springframework.context.annotation.internalAutowiredAnnotationProcessor'
2020-01-31 14:41:42.090 DEBUG 3268 --- [main] o.s.b.f.s.DefaultListableBeanFactory     : Creating shared instance of singleton bean 'org.springframework.context.annotation.internalCommonAnnotationProcessor'
2020-01-31 14:41:42.094 DEBUG 3268 --- [main] o.s.b.f.s.DefaultListableBeanFactory     : Creating shared instance of singleton bean 'org.springframework.boot.context.properties.ConfigurationPropertiesBindingPostProcessor'
2020-01-31 14:41:42.094 DEBUG 3268 --- [main] o.s.b.f.s.DefaultListableBeanFactory     : Creating shared instance of singleton bean 'org.springframework.boot.context.internalConfigurationPropertiesBinder'
2020-01-31 14:41:42.094 DEBUG 3268 --- [main] o.s.b.f.s.DefaultListableBeanFactory     : Creating shared instance of singleton bean 'org.springframework.boot.context.internalConfigurationPropertiesBinderFactory'
2020-01-31 14:41:42.099 DEBUG 3268 --- [main] o.s.b.f.s.DefaultListableBeanFactory     : Creating shared instance of singleton bean 'profileStudyApplication'
2020-01-31 14:41:42.107 DEBUG 3268 --- [main] o.s.b.f.s.DefaultListableBeanFactory     : Creating shared instance of singleton bean 'appRunner'
2020-01-31 14:41:42.116 DEBUG 3268 --- [main] o.s.b.f.s.DefaultListableBeanFactory     : Creating shared instance of singleton bean 'girl'
2020-01-31 14:41:42.133 DEBUG 3268 --- [main] o.s.b.f.s.DefaultListableBeanFactory     : Creating shared instance of singleton bean 'hello'
2020-01-31 14:41:42.134 DEBUG 3268 --- [main] o.s.b.f.s.DefaultListableBeanFactory     : Creating shared instance of singleton bean 'baseConfiguration'
2020-01-31 14:41:42.150 DEBUG 3268 --- [main] o.s.b.f.s.DefaultListableBeanFactory     : Creating shared instance of singleton bean 'org.springframework.boot.autoconfigure.AutoConfigurationPackages'
2020-01-31 14:41:42.157 DEBUG 3268 --- [main] o.s.b.f.s.DefaultListableBeanFactory     : Creating shared instance of singleton bean 'org.springframework.boot.autoconfigure.context.PropertyPlaceholderAutoConfiguration'
2020-01-31 14:41:42.158 DEBUG 3268 --- [main] o.s.b.f.s.DefaultListableBeanFactory     : Creating shared instance of singleton bean 'org.springframework.boot.autoconfigure.jmx.JmxAutoConfiguration'
2020-01-31 14:41:42.159 DEBUG 3268 --- [main] o.s.b.f.s.DefaultListableBeanFactory     : Autowiring by type from bean name 'org.springframework.boot.autoconfigure.jmx.JmxAutoConfiguration' via constructor to bean named 'environment'
2020-01-31 14:41:42.160 DEBUG 3268 --- [main] o.s.b.f.s.DefaultListableBeanFactory     : Creating shared instance of singleton bean 'mbeanExporter'
2020-01-31 14:41:42.161 DEBUG 3268 --- [main] o.s.b.f.s.DefaultListableBeanFactory     : Creating shared instance of singleton bean 'objectNamingStrategy'
2020-01-31 14:41:42.166 DEBUG 3268 --- [main] o.s.b.f.s.DefaultListableBeanFactory     : Autowiring by type from bean name 'mbeanExporter' via factory method to bean named 'objectNamingStrategy'
2020-01-31 14:41:42.166 DEBUG 3268 --- [main] o.s.b.f.s.DefaultListableBeanFactory     : Autowiring by type from bean name 'mbeanExporter' via factory method to bean named 'org.springframework.beans.factory.support.DefaultListableBeanFactory@424e1977'
2020-01-31 14:41:42.172 DEBUG 3268 --- [main] o.s.b.f.s.DefaultListableBeanFactory     : Creating shared instance of singleton bean 'mbeanServer'
2020-01-31 14:41:42.177 DEBUG 3268 --- [main] o.springframework.jmx.support.JmxUtils   : Found MBeanServer: com.sun.jmx.mbeanserver.JmxMBeanServer@6f94fa3e
2020-01-31 14:41:42.184 DEBUG 3268 --- [main] o.s.b.f.s.DefaultListableBeanFactory     : Creating shared instance of singleton bean 'org.springframework.boot.autoconfigure.admin.SpringApplicationAdminJmxAutoConfiguration'
2020-01-31 14:41:42.185 DEBUG 3268 --- [main] o.s.b.f.s.DefaultListableBeanFactory     : Creating shared instance of singleton bean 'springApplicationAdminRegistrar'
2020-01-31 14:41:42.187 DEBUG 3268 --- [main] o.s.b.f.s.DefaultListableBeanFactory     : Autowiring by type from bean name 'springApplicationAdminRegistrar' via factory method to bean named 'environment'
2020-01-31 14:41:42.193 DEBUG 3268 --- [main] inMXBeanRegistrar$SpringApplicationAdmin : Application Admin MBean registered with name 'org.springframework.boot:type=Admin,name=SpringApplication'
2020-01-31 14:41:42.194 DEBUG 3268 --- [main] o.s.b.f.s.DefaultListableBeanFactory     : Creating shared instance of singleton bean 'org.springframework.boot.autoconfigure.aop.AopAutoConfiguration$ClassProxyingConfiguration'
2020-01-31 14:41:42.194 DEBUG 3268 --- [main] o.s.b.f.s.DefaultListableBeanFactory     : Autowiring by type from bean name 'org.springframework.boot.autoconfigure.aop.AopAutoConfiguration$ClassProxyingConfiguration' via constructor to bean named 'org.springframework.beans.factory.support.DefaultListableBeanFactory@424e1977'
2020-01-31 14:41:42.200 DEBUG 3268 --- [main] o.s.b.f.s.DefaultListableBeanFactory     : Creating shared instance of singleton bean 'org.springframework.boot.autoconfigure.aop.AopAutoConfiguration'
2020-01-31 14:41:42.201 DEBUG 3268 --- [main] o.s.b.f.s.DefaultListableBeanFactory     : Creating shared instance of singleton bean 'org.springframework.boot.autoconfigure.context.ConfigurationPropertiesAutoConfiguration'
2020-01-31 14:41:42.201 DEBUG 3268 --- [main] o.s.b.f.s.DefaultListableBeanFactory     : Creating shared instance of singleton bean 'org.springframework.boot.context.properties.ConfigurationBeanFactoryMetadata'
2020-01-31 14:41:42.202 DEBUG 3268 --- [main] o.s.b.f.s.DefaultListableBeanFactory     : Creating shared instance of singleton bean 'org.springframework.boot.autoconfigure.info.ProjectInfoAutoConfiguration'
2020-01-31 14:41:42.205 DEBUG 3268 --- [main] o.s.b.f.s.DefaultListableBeanFactory     : Creating shared instance of singleton bean 'spring.info-org.springframework.boot.autoconfigure.info.ProjectInfoProperties'
2020-01-31 14:41:42.207 DEBUG 3268 --- [main] o.s.b.f.s.DefaultListableBeanFactory     : Autowiring by type from bean name 'org.springframework.boot.autoconfigure.info.ProjectInfoAutoConfiguration' via constructor to bean named 'spring.info-org.springframework.boot.autoconfigure.info.ProjectInfoProperties'
2020-01-31 14:41:42.208 DEBUG 3268 --- [main] o.s.b.f.s.DefaultListableBeanFactory     : Creating shared instance of singleton bean 'org.springframework.boot.autoconfigure.task.TaskExecutionAutoConfiguration'
2020-01-31 14:41:42.209 DEBUG 3268 --- [main] o.s.b.f.s.DefaultListableBeanFactory     : Creating shared instance of singleton bean 'taskExecutorBuilder'
2020-01-31 14:41:42.210 DEBUG 3268 --- [main] o.s.b.f.s.DefaultListableBeanFactory     : Creating shared instance of singleton bean 'spring.task.execution-org.springframework.boot.autoconfigure.task.TaskExecutionProperties'
2020-01-31 14:41:42.212 DEBUG 3268 --- [main] o.s.b.f.s.DefaultListableBeanFactory     : Autowiring by type from bean name 'taskExecutorBuilder' via factory method to bean named 'spring.task.execution-org.springframework.boot.autoconfigure.task.TaskExecutionProperties'
2020-01-31 14:41:42.216 DEBUG 3268 --- [main] o.s.b.f.s.DefaultListableBeanFactory     : Creating shared instance of singleton bean 'org.springframework.boot.autoconfigure.task.TaskSchedulingAutoConfiguration'
2020-01-31 14:41:42.218 DEBUG 3268 --- [main] o.s.b.f.s.DefaultListableBeanFactory     : Creating shared instance of singleton bean 'taskSchedulerBuilder'
2020-01-31 14:41:42.219 DEBUG 3268 --- [main] o.s.b.f.s.DefaultListableBeanFactory     : Creating shared instance of singleton bean 'spring.task.scheduling-org.springframework.boot.autoconfigure.task.TaskSchedulingProperties'
2020-01-31 14:41:42.222 DEBUG 3268 --- [main] o.s.b.f.s.DefaultListableBeanFactory     : Autowiring by type from bean name 'taskSchedulerBuilder' via factory method to bean named 'spring.task.scheduling-org.springframework.boot.autoconfigure.task.TaskSchedulingProperties'
2020-01-31 14:41:42.229 DEBUG 3268 --- [main] o.s.j.e.a.AnnotationMBeanExporter        : Registering beans for JMX exposure on startup
2020-01-31 14:41:42.230 DEBUG 3268 --- [main] o.s.j.e.a.AnnotationMBeanExporter        : Autodetecting user-defined JMX MBeans
2020-01-31 14:41:42.261 DEBUG 3268 --- [main] ConditionEvaluationReportLoggingListener : 


============================
CONDITIONS EVALUATION REPORT
============================


Positive matches:
-----------------

   AopAutoConfiguration matched:
      - @ConditionalOnProperty (spring.aop.auto=true) matched (OnPropertyCondition)

   AopAutoConfiguration.ClassProxyingConfiguration matched:
      - @ConditionalOnMissingClass did not find unwanted class 'org.aspectj.weaver.Advice' (OnClassCondition)
      - @ConditionalOnProperty (spring.aop.proxy-target-class=true) matched (OnPropertyCondition)

   GenericCacheConfiguration matched:
      - Cache org.springframework.boot.autoconfigure.cache.GenericCacheConfiguration automatic cache type (CacheCondition)

   JmxAutoConfiguration matched:
      - @ConditionalOnClass found required class 'org.springframework.jmx.export.MBeanExporter' (OnClassCondition)
      - @ConditionalOnProperty (spring.jmx.enabled=true) matched (OnPropertyCondition)

   JmxAutoConfiguration#mbeanExporter matched:
      - @ConditionalOnBean (types: org.springframework.jmx.export.MBeanExporter; SearchStrategy: current) did not find any beans (OnBeanCondition)

   JmxAutoConfiguration#mbeanServer matched:
      - @ConditionalOnBean (types: javax.management.MBeanServer; SearchStrategy: all) did not find any beans (OnBeanCondition)

   JmxAutoConfiguration#objectNamingStrategy matched:
      - @ConditionalOnBean (types: org.springframework.jmx.export.naming.ObjectNamingStrategy; SearchStrategy: current) did not find any beans (OnBeanCondition)

   NoOpCacheConfiguration matched:
      - Cache org.springframework.boot.autoconfigure.cache.NoOpCacheConfiguration automatic cache type (CacheCondition)

   PropertyPlaceholderAutoConfiguration#propertySourcesPlaceholderConfigurer matched:
      - @ConditionalOnBean (types: org.springframework.context.support.PropertySourcesPlaceholderConfigurer; SearchStrategy: current) did not find any beans (OnBeanCondition)

   SimpleCacheConfiguration matched:
      - Cache org.springframework.boot.autoconfigure.cache.SimpleCacheConfiguration automatic cache type (CacheCondition)

   SpringApplicationAdminJmxAutoConfiguration matched:
      - @ConditionalOnProperty (spring.application.admin.enabled=true) matched (OnPropertyCondition)

   SpringApplicationAdminJmxAutoConfiguration#springApplicationAdminRegistrar matched:
      - @ConditionalOnBean (types: org.springframework.boot.admin.SpringApplicationAdminMXBeanRegistrar; SearchStrategy: all) did not find any beans (OnBeanCondition)

   TaskExecutionAutoConfiguration matched:
      - @ConditionalOnClass found required class 'org.springframework.scheduling.concurrent.ThreadPoolTaskExecutor' (OnClassCondition)

   TaskExecutionAutoConfiguration#applicationTaskExecutor matched:
      - @ConditionalOnBean (types: java.util.concurrent.Executor; SearchStrategy: all) did not find any beans (OnBeanCondition)

   TaskExecutionAutoConfiguration#taskExecutorBuilder matched:
      - @ConditionalOnBean (types: org.springframework.boot.task.TaskExecutorBuilder; SearchStrategy: all) did not find any beans (OnBeanCondition)

   TaskSchedulingAutoConfiguration matched:
      - @ConditionalOnClass found required class 'org.springframework.scheduling.concurrent.ThreadPoolTaskScheduler' (OnClassCondition)

   TaskSchedulingAutoConfiguration#taskSchedulerBuilder matched:
      - @ConditionalOnBean (types: org.springframework.boot.task.TaskSchedulerBuilder; SearchStrategy: all) did not find any beans (OnBeanCondition)


Negative matches:
-----------------

   ActiveMQAutoConfiguration:
      Did not match:
         - @ConditionalOnClass did not find required class 'javax.jms.ConnectionFactory' (OnClassCondition)

   AopAutoConfiguration.AspectJAutoProxyingConfiguration:
      Did not match:
         - @ConditionalOnClass did not find required class 'org.aspectj.weaver.Advice' (OnClassCondition)

   ArtemisAutoConfiguration:
      Did not match:
         - @ConditionalOnClass did not find required class 'javax.jms.ConnectionFactory' (OnClassCondition)

   BatchAutoConfiguration:
      Did not match:
         - @ConditionalOnClass did not find required class 'org.springframework.batch.core.launch.JobLauncher' (OnClassCondition)

   CacheAutoConfiguration:
      Did not match:
         - @ConditionalOnBean (types: org.springframework.cache.interceptor.CacheAspectSupport; SearchStrategy: all) did not find any beans of type org.springframework.cache.interceptor.CacheAspectSupport (OnBeanCondition)
      Matched:
         - @ConditionalOnClass found required class 'org.springframework.cache.CacheManager' (OnClassCondition)

   CacheAutoConfiguration.CacheManagerEntityManagerFactoryDependsOnPostProcessor:
      Did not match:
         - @ConditionalOnClass did not find required class 'org.springframework.orm.jpa.LocalContainerEntityManagerFactoryBean' (OnClassCondition)
         - Ancestor org.springframework.boot.autoconfigure.cache.CacheAutoConfiguration did not match (ConditionEvaluationReport.AncestorsMatchedCondition)

   CaffeineCacheConfiguration:
      Did not match:
         - @ConditionalOnClass did not find required classes 'com.github.benmanes.caffeine.cache.Caffeine', 'org.springframework.cache.caffeine.CaffeineCacheManager' (OnClassCondition)

   CassandraAutoConfiguration:
      Did not match:
         - @ConditionalOnClass did not find required class 'com.datastax.driver.core.Cluster' (OnClassCondition)

   CassandraDataAutoConfiguration:
      Did not match:
         - @ConditionalOnClass did not find required class 'com.datastax.driver.core.Cluster' (OnClassCondition)

   CassandraReactiveDataAutoConfiguration:
      Did not match:
         - @ConditionalOnClass did not find required class 'com.datastax.driver.core.Cluster' (OnClassCondition)

   CassandraReactiveRepositoriesAutoConfiguration:
      Did not match:
         - @ConditionalOnClass did not find required class 'org.springframework.data.cassandra.ReactiveSession' (OnClassCondition)

   CassandraRepositoriesAutoConfiguration:
      Did not match:
         - @ConditionalOnClass did not find required class 'com.datastax.driver.core.Session' (OnClassCondition)

   ClientHttpConnectorAutoConfiguration:
      Did not match:
         - @ConditionalOnClass did not find required class 'org.springframework.web.reactive.function.client.WebClient' (OnClassCondition)

   CloudServiceConnectorsAutoConfiguration:
      Did not match:
         - @ConditionalOnClass did not find required class 'org.springframework.cloud.config.java.CloudScanConfiguration' (OnClassCondition)

   CodecsAutoConfiguration:
      Did not match:
         - @ConditionalOnClass did not find required class 'org.springframework.http.codec.CodecConfigurer' (OnClassCondition)

   CouchbaseAutoConfiguration:
      Did not match:
         - @ConditionalOnClass did not find required class 'com.couchbase.client.java.Cluster' (OnClassCondition)

   CouchbaseCacheConfiguration:
      Did not match:
         - @ConditionalOnClass did not find required classes 'com.couchbase.client.java.Bucket', 'com.couchbase.client.spring.cache.CouchbaseCacheManager' (OnClassCondition)

   CouchbaseDataAutoConfiguration:
      Did not match:
         - @ConditionalOnClass did not find required class 'com.couchbase.client.java.Bucket' (OnClassCondition)

   CouchbaseReactiveDataAutoConfiguration:
      Did not match:
         - @ConditionalOnClass did not find required class 'com.couchbase.client.java.Bucket' (OnClassCondition)

   CouchbaseReactiveRepositoriesAutoConfiguration:
      Did not match:
         - @ConditionalOnClass did not find required class 'com.couchbase.client.java.Bucket' (OnClassCondition)

   CouchbaseRepositoriesAutoConfiguration:
      Did not match:
         - @ConditionalOnClass did not find required class 'com.couchbase.client.java.Bucket' (OnClassCondition)

   DataSourceAutoConfiguration:
      Did not match:
         - @ConditionalOnClass did not find required class 'org.springframework.jdbc.datasource.embedded.EmbeddedDatabaseType' (OnClassCondition)

   DataSourceTransactionManagerAutoConfiguration:
      Did not match:
         - @ConditionalOnClass did not find required class 'org.springframework.jdbc.core.JdbcTemplate' (OnClassCondition)

   DispatcherServletAutoConfiguration:
      Did not match:
         - @ConditionalOnClass did not find required class 'org.springframework.web.servlet.DispatcherServlet' (OnClassCondition)

   EhCacheCacheConfiguration:
      Did not match:
         - @ConditionalOnClass did not find required classes 'net.sf.ehcache.Cache', 'org.springframework.cache.ehcache.EhCacheCacheManager' (OnClassCondition)

   ElasticsearchAutoConfiguration:
      Did not match:
         - @ConditionalOnClass did not find required class 'org.elasticsearch.client.Client' (OnClassCondition)

   ElasticsearchDataAutoConfiguration:
      Did not match:
         - @ConditionalOnClass did not find required class 'org.springframework.data.elasticsearch.core.ElasticsearchTemplate' (OnClassCondition)

   ElasticsearchRepositoriesAutoConfiguration:
      Did not match:
         - @ConditionalOnClass did not find required class 'org.elasticsearch.client.Client' (OnClassCondition)

   EmbeddedLdapAutoConfiguration:
      Did not match:
         - @ConditionalOnClass did not find required class 'com.unboundid.ldap.listener.InMemoryDirectoryServer' (OnClassCondition)

   EmbeddedMongoAutoConfiguration:
      Did not match:
         - @ConditionalOnClass did not find required class 'com.mongodb.MongoClient' (OnClassCondition)

   EmbeddedWebServerFactoryCustomizerAutoConfiguration:
      Did not match:
         - @ConditionalOnWebApplication did not find reactive or servlet web application classes (OnWebApplicationCondition)

   ErrorMvcAutoConfiguration:
      Did not match:
         - @ConditionalOnClass did not find required class 'javax.servlet.Servlet' (OnClassCondition)

   ErrorWebFluxAutoConfiguration:
      Did not match:
         - @ConditionalOnClass did not find required class 'org.springframework.web.reactive.config.WebFluxConfigurer' (OnClassCondition)

   FlywayAutoConfiguration:
      Did not match:
         - @ConditionalOnClass did not find required class 'org.flywaydb.core.Flyway' (OnClassCondition)

   FreeMarkerAutoConfiguration:
      Did not match:
         - @ConditionalOnClass did not find required class 'freemarker.template.Configuration' (OnClassCondition)

   GroovyTemplateAutoConfiguration:
      Did not match:
         - @ConditionalOnClass did not find required class 'groovy.text.markup.MarkupTemplateEngine' (OnClassCondition)

   GsonAutoConfiguration:
      Did not match:
         - @ConditionalOnClass did not find required class 'com.google.gson.Gson' (OnClassCondition)

   H2ConsoleAutoConfiguration:
      Did not match:
         - @ConditionalOnClass did not find required class 'org.h2.server.web.WebServlet' (OnClassCondition)

   HazelcastAutoConfiguration:
      Did not match:
         - @ConditionalOnClass did not find required class 'com.hazelcast.core.HazelcastInstance' (OnClassCondition)

   HazelcastCacheConfiguration:
      Did not match:
         - @ConditionalOnClass did not find required classes 'com.hazelcast.core.HazelcastInstance', 'com.hazelcast.spring.cache.HazelcastCacheManager' (OnClassCondition)

   HazelcastJpaDependencyAutoConfiguration:
      Did not match:
         - @ConditionalOnClass did not find required class 'com.hazelcast.core.HazelcastInstance' (OnClassCondition)

   HibernateJpaAutoConfiguration:
      Did not match:
         - @ConditionalOnClass did not find required class 'javax.persistence.EntityManager' (OnClassCondition)

   HttpEncodingAutoConfiguration:
      Did not match:
         - @ConditionalOnClass did not find required class 'org.springframework.web.filter.CharacterEncodingFilter' (OnClassCondition)

   HttpHandlerAutoConfiguration:
      Did not match:
         - @ConditionalOnClass did not find required class 'org.springframework.http.server.reactive.HttpHandler' (OnClassCondition)

   HttpMessageConvertersAutoConfiguration:
      Did not match:
         - @ConditionalOnClass did not find required class 'org.springframework.http.converter.HttpMessageConverter' (OnClassCondition)

   HypermediaAutoConfiguration:
      Did not match:
         - @ConditionalOnClass did not find required class 'org.springframework.hateoas.EntityModel' (OnClassCondition)

   InfinispanCacheConfiguration:
      Did not match:
         - @ConditionalOnClass did not find required class 'org.infinispan.spring.embedded.provider.SpringEmbeddedCacheManager' (OnClassCondition)

   InfluxDbAutoConfiguration:
      Did not match:
         - @ConditionalOnClass did not find required class 'org.influxdb.InfluxDB' (OnClassCondition)

   IntegrationAutoConfiguration:
      Did not match:
         - @ConditionalOnClass did not find required class 'org.springframework.integration.config.EnableIntegration' (OnClassCondition)

   JCacheCacheConfiguration:
      Did not match:
         - @ConditionalOnClass did not find required classes 'javax.cache.Caching', 'org.springframework.cache.jcache.JCacheCacheManager' (OnClassCondition)

   JacksonAutoConfiguration:
      Did not match:
         - @ConditionalOnClass did not find required class 'com.fasterxml.jackson.databind.ObjectMapper' (OnClassCondition)

   JdbcRepositoriesAutoConfiguration:
      Did not match:
         - @ConditionalOnClass did not find required class 'org.springframework.data.jdbc.repository.config.AbstractJdbcConfiguration' (OnClassCondition)

   JdbcTemplateAutoConfiguration:
      Did not match:
         - @ConditionalOnClass did not find required class 'org.springframework.jdbc.core.JdbcTemplate' (OnClassCondition)

   JerseyAutoConfiguration:
      Did not match:
         - @ConditionalOnClass did not find required class 'javax.servlet.ServletRegistration' (OnClassCondition)

   JestAutoConfiguration:
      Did not match:
         - @ConditionalOnClass did not find required class 'io.searchbox.client.JestClient' (OnClassCondition)

   JmsAutoConfiguration:
      Did not match:
         - @ConditionalOnClass did not find required class 'javax.jms.Message' (OnClassCondition)

   JndiConnectionFactoryAutoConfiguration:
      Did not match:
         - @ConditionalOnClass did not find required class 'org.springframework.jms.core.JmsTemplate' (OnClassCondition)

   JndiDataSourceAutoConfiguration:
      Did not match:
         - @ConditionalOnClass did not find required class 'org.springframework.jdbc.datasource.embedded.EmbeddedDatabaseType' (OnClassCondition)

   JooqAutoConfiguration:
      Did not match:
         - @ConditionalOnClass did not find required class 'org.jooq.DSLContext' (OnClassCondition)

   JpaRepositoriesAutoConfiguration:
      Did not match:
         - @ConditionalOnClass did not find required class 'org.springframework.data.jpa.repository.JpaRepository' (OnClassCondition)

   JsonbAutoConfiguration:
      Did not match:
         - @ConditionalOnClass did not find required class 'javax.json.bind.Jsonb' (OnClassCondition)

   JtaAutoConfiguration:
      Did not match:
         - @ConditionalOnClass did not find required class 'javax.transaction.Transaction' (OnClassCondition)

   KafkaAutoConfiguration:
      Did not match:
         - @ConditionalOnClass did not find required class 'org.springframework.kafka.core.KafkaTemplate' (OnClassCondition)

   LdapAutoConfiguration:
      Did not match:
         - @ConditionalOnClass did not find required class 'org.springframework.ldap.core.ContextSource' (OnClassCondition)

   LdapRepositoriesAutoConfiguration:
      Did not match:
         - @ConditionalOnClass did not find required class 'org.springframework.data.ldap.repository.LdapRepository' (OnClassCondition)

   LiquibaseAutoConfiguration:
      Did not match:
         - @ConditionalOnClass did not find required class 'liquibase.change.DatabaseChange' (OnClassCondition)

   MailSenderAutoConfiguration:
      Did not match:
         - @ConditionalOnClass did not find required class 'javax.mail.internet.MimeMessage' (OnClassCondition)

   MailSenderValidatorAutoConfiguration:
      Did not match:
         - @ConditionalOnSingleCandidate did not find required type 'org.springframework.mail.javamail.JavaMailSenderImpl' (OnBeanCondition)

   MessageSourceAutoConfiguration:
      Did not match:
         - ResourceBundle did not find bundle with basename messages (MessageSourceAutoConfiguration.ResourceBundleCondition)

   MongoAutoConfiguration:
      Did not match:
         - @ConditionalOnClass did not find required class 'com.mongodb.MongoClient' (OnClassCondition)

   MongoDataAutoConfiguration:
      Did not match:
         - @ConditionalOnClass did not find required class 'com.mongodb.client.MongoClient' (OnClassCondition)

   MongoReactiveAutoConfiguration:
      Did not match:
         - @ConditionalOnClass did not find required class 'com.mongodb.reactivestreams.client.MongoClient' (OnClassCondition)

   MongoReactiveDataAutoConfiguration:
      Did not match:
         - @ConditionalOnClass did not find required class 'com.mongodb.reactivestreams.client.MongoClient' (OnClassCondition)

   MongoReactiveRepositoriesAutoConfiguration:
      Did not match:
         - @ConditionalOnClass did not find required class 'com.mongodb.reactivestreams.client.MongoClient' (OnClassCondition)

   MongoRepositoriesAutoConfiguration:
      Did not match:
         - @ConditionalOnClass did not find required class 'com.mongodb.MongoClient' (OnClassCondition)

   MultipartAutoConfiguration:
      Did not match:
         - @ConditionalOnClass did not find required class 'javax.servlet.MultipartConfigElement' (OnClassCondition)

   MustacheAutoConfiguration:
      Did not match:
         - @ConditionalOnClass did not find required class 'com.samskivert.mustache.Mustache' (OnClassCondition)

   Neo4jDataAutoConfiguration:
      Did not match:
         - @ConditionalOnClass did not find required class 'org.neo4j.ogm.session.SessionFactory' (OnClassCondition)

   Neo4jRepositoriesAutoConfiguration:
      Did not match:
         - @ConditionalOnClass did not find required class 'org.neo4j.ogm.session.Neo4jSession' (OnClassCondition)

   OAuth2ClientAutoConfiguration:
      Did not match:
         - @ConditionalOnClass did not find required class 'org.springframework.security.config.annotation.web.configuration.EnableWebSecurity' (OnClassCondition)

   OAuth2ResourceServerAutoConfiguration:
      Did not match:
         - @ConditionalOnWebApplication did not find servlet web application classes (OnWebApplicationCondition)

   PersistenceExceptionTranslationAutoConfiguration:
      Did not match:
         - @ConditionalOnClass did not find required class 'org.springframework.dao.annotation.PersistenceExceptionTranslationPostProcessor' (OnClassCondition)

   ProjectInfoAutoConfiguration#buildProperties:
      Did not match:
         - @ConditionalOnResource did not find resource '${spring.info.build.location:classpath:META-INF/build-info.properties}' (OnResourceCondition)

   ProjectInfoAutoConfiguration#gitProperties:
      Did not match:
         - GitResource did not find git info at classpath:git.properties (ProjectInfoAutoConfiguration.GitResourceAvailableCondition)

   QuartzAutoConfiguration:
      Did not match:
         - @ConditionalOnClass did not find required class 'org.quartz.Scheduler' (OnClassCondition)

   RSocketMessagingAutoConfiguration:
      Did not match:
         - @ConditionalOnClass did not find required class 'io.rsocket.RSocketFactory' (OnClassCondition)

   RSocketRequesterAutoConfiguration:
      Did not match:
         - @ConditionalOnClass did not find required class 'io.rsocket.RSocketFactory' (OnClassCondition)

   RSocketSecurityAutoConfiguration:
      Did not match:
         - @ConditionalOnClass did not find required class 'org.springframework.security.rsocket.core.SecuritySocketAcceptorInterceptor' (OnClassCondition)

   RSocketServerAutoConfiguration:
      Did not match:
         - @ConditionalOnClass did not find required class 'io.rsocket.RSocketFactory' (OnClassCondition)

   RSocketStrategiesAutoConfiguration:
      Did not match:
         - @ConditionalOnClass did not find required class 'io.netty.buffer.PooledByteBufAllocator' (OnClassCondition)

   RabbitAutoConfiguration:
      Did not match:
         - @ConditionalOnClass did not find required class 'com.rabbitmq.client.Channel' (OnClassCondition)

   ReactiveElasticsearchRepositoriesAutoConfiguration:
      Did not match:
         - @ConditionalOnClass did not find required class 'org.springframework.data.elasticsearch.client.reactive.ReactiveElasticsearchClient' (OnClassCondition)

   ReactiveOAuth2ClientAutoConfiguration:
      Did not match:
         - @ConditionalOnClass did not find required class 'reactor.core.publisher.Flux' (OnClassCondition)

   ReactiveOAuth2ResourceServerAutoConfiguration:
      Did not match:
         - @ConditionalOnClass did not find required class 'org.springframework.security.config.annotation.web.reactive.EnableWebFluxSecurity' (OnClassCondition)

   ReactiveRestClientAutoConfiguration:
      Did not match:
         - @ConditionalOnClass did not find required class 'reactor.netty.http.client.HttpClient' (OnClassCondition)

   ReactiveSecurityAutoConfiguration:
      Did not match:
         - @ConditionalOnClass did not find required class 'reactor.core.publisher.Flux' (OnClassCondition)

   ReactiveUserDetailsServiceAutoConfiguration:
      Did not match:
         - @ConditionalOnClass did not find required class 'org.springframework.security.authentication.ReactiveAuthenticationManager' (OnClassCondition)

   ReactiveWebServerFactoryAutoConfiguration:
      Did not match:
         - @ConditionalOnClass did not find required class 'org.springframework.http.ReactiveHttpInputMessage' (OnClassCondition)

   RedisAutoConfiguration:
      Did not match:
         - @ConditionalOnClass did not find required class 'org.springframework.data.redis.core.RedisOperations' (OnClassCondition)

   RedisCacheConfiguration:
      Did not match:
         - @ConditionalOnClass did not find required class 'org.springframework.data.redis.connection.RedisConnectionFactory' (OnClassCondition)

   RedisReactiveAutoConfiguration:
      Did not match:
         - @ConditionalOnClass did not find required class 'reactor.core.publisher.Flux' (OnClassCondition)

   RedisRepositoriesAutoConfiguration:
      Did not match:
         - @ConditionalOnClass did not find required class 'org.springframework.data.redis.repository.configuration.EnableRedisRepositories' (OnClassCondition)

   RepositoryRestMvcAutoConfiguration:
      Did not match:
         - @ConditionalOnClass did not find required class 'org.springframework.data.rest.webmvc.config.RepositoryRestMvcConfiguration' (OnClassCondition)

   RestClientAutoConfiguration:
      Did not match:
         - @ConditionalOnClass did not find required class 'org.elasticsearch.client.RestClient' (OnClassCondition)

   RestTemplateAutoConfiguration:
      Did not match:
         - @ConditionalOnClass did not find required class 'org.springframework.web.client.RestTemplate' (OnClassCondition)

   Saml2RelyingPartyAutoConfiguration:
      Did not match:
         - @ConditionalOnClass did not find required class 'org.springframework.security.saml2.provider.service.registration.RelyingPartyRegistrationRepository' (OnClassCondition)

   SecurityAutoConfiguration:
      Did not match:
         - @ConditionalOnClass did not find required class 'org.springframework.security.authentication.DefaultAuthenticationEventPublisher' (OnClassCondition)

   SecurityFilterAutoConfiguration:
      Did not match:
         - @ConditionalOnClass did not find required class 'org.springframework.security.config.http.SessionCreationPolicy' (OnClassCondition)

   SendGridAutoConfiguration:
      Did not match:
         - @ConditionalOnClass did not find required class 'com.sendgrid.SendGrid' (OnClassCondition)

   ServletWebServerFactoryAutoConfiguration:
      Did not match:
         - @ConditionalOnClass did not find required class 'javax.servlet.ServletRequest' (OnClassCondition)

   SessionAutoConfiguration:
      Did not match:
         - @ConditionalOnClass did not find required class 'org.springframework.session.Session' (OnClassCondition)

   SolrAutoConfiguration:
      Did not match:
         - @ConditionalOnClass did not find required class 'org.apache.solr.client.solrj.impl.CloudSolrClient' (OnClassCondition)

   SolrRepositoriesAutoConfiguration:
      Did not match:
         - @ConditionalOnClass did not find required class 'org.apache.solr.client.solrj.SolrClient' (OnClassCondition)

   SpringDataWebAutoConfiguration:
      Did not match:
         - @ConditionalOnClass did not find required class 'org.springframework.data.web.PageableHandlerMethodArgumentResolver' (OnClassCondition)

   TaskSchedulingAutoConfiguration#taskScheduler:
      Did not match:
         - @ConditionalOnBean (names: org.springframework.context.annotation.internalScheduledAnnotationProcessor; SearchStrategy: all) did not find any beans named org.springframework.context.annotation.internalScheduledAnnotationProcessor (OnBeanCondition)

   ThymeleafAutoConfiguration:
      Did not match:
         - @ConditionalOnClass did not find required class 'org.thymeleaf.spring5.SpringTemplateEngine' (OnClassCondition)

   TransactionAutoConfiguration:
      Did not match:
         - @ConditionalOnClass did not find required class 'org.springframework.transaction.PlatformTransactionManager' (OnClassCondition)

   UserDetailsServiceAutoConfiguration:
      Did not match:
         - @ConditionalOnClass did not find required class 'org.springframework.security.authentication.AuthenticationManager' (OnClassCondition)

   ValidationAutoConfiguration:
      Did not match:
         - @ConditionalOnClass did not find required class 'javax.validation.executable.ExecutableValidator' (OnClassCondition)

   WebClientAutoConfiguration:
      Did not match:
         - @ConditionalOnClass did not find required class 'org.springframework.web.reactive.function.client.WebClient' (OnClassCondition)

   WebFluxAutoConfiguration:
      Did not match:
         - @ConditionalOnClass did not find required class 'org.springframework.web.reactive.config.WebFluxConfigurer' (OnClassCondition)

   WebMvcAutoConfiguration:
      Did not match:
         - @ConditionalOnClass did not find required class 'javax.servlet.Servlet' (OnClassCondition)

   WebServiceTemplateAutoConfiguration:
      Did not match:
         - @ConditionalOnClass did not find required class 'org.springframework.oxm.Marshaller' (OnClassCondition)

   WebServicesAutoConfiguration:
      Did not match:
         - @ConditionalOnClass did not find required class 'org.springframework.ws.transport.http.MessageDispatcherServlet' (OnClassCondition)

   WebSocketMessagingAutoConfiguration:
      Did not match:
         - @ConditionalOnClass did not find required class 'org.springframework.web.socket.config.annotation.WebSocketMessageBrokerConfigurer' (OnClassCondition)

   WebSocketReactiveAutoConfiguration:
      Did not match:
         - @ConditionalOnClass did not find required class 'javax.servlet.Servlet' (OnClassCondition)

   WebSocketServletAutoConfiguration:
      Did not match:
         - @ConditionalOnClass did not find required class 'javax.servlet.Servlet' (OnClassCondition)

   XADataSourceAutoConfiguration:
      Did not match:
         - @ConditionalOnClass did not find required class 'javax.transaction.TransactionManager' (OnClassCondition)


Exclusions:
-----------

    None


Unconditional classes:
----------------------

    org.springframework.boot.autoconfigure.context.ConfigurationPropertiesAutoConfiguration

    org.springframework.boot.autoconfigure.context.PropertyPlaceholderAutoConfiguration

    org.springframework.boot.autoconfigure.info.ProjectInfoAutoConfiguration



2020-01-31 14:41:42.265  INFO 3268 --- [main] h.s.study.ProfileStudyApplication        : Started ProfileStudyApplication in 1.033 seconds (JVM running for 2.182)
2020-01-31 14:41:42.269 DEBUG 3268 --- [SpringContextShutdownHook] s.c.a.AnnotationConfigApplicationContext : Closing org.springframework.context.annotation.AnnotationConfigApplicationContext@22a637e7, started on Fri Jan 31 14:41:41 KST 2020
2020-01-31 14:41:42.271 DEBUG 3268 --- [SpringContextShutdownHook] o.s.j.e.a.AnnotationMBeanExporter        : Unregistering JMX-exposed beans on shutdown
2020-01-31 14:42:30.040  INFO 5672 --- [main] h.s.study.ProfileStudyApplication        : Starting ProfileStudyApplication on DESKTOP-1E2QRRD with PID 5672 (started by rlagu in C:\Users\rlagu\OneDrive\바탕 화면\Springboot-study\Profile_study)
2020-01-31 14:42:30.044 DEBUG 5672 --- [main] h.s.study.ProfileStudyApplication        : Running with Spring Boot v2.2.4.RELEASE, Spring v5.2.3.RELEASE
2020-01-31 14:42:30.045  INFO 5672 --- [main] h.s.study.ProfileStudyApplication        : The following profiles are active: prod,proddb
2020-01-31 14:42:30.585  INFO 5672 --- [main] h.s.study.ProfileStudyApplication        : Started ProfileStudyApplication in 1.445 seconds (JVM running for 3.57)
2020-01-31 14:42:30.586 DEBUG 5672 --- [main] hj.springboot.study.AppRunner            : ===================================
2020-01-31 14:42:30.586 DEBUG 5672 --- [main] hj.springboot.study.AppRunner            : KHJ
2020-01-31 14:42:30.586 DEBUG 5672 --- [main] hj.springboot.study.AppRunner            : prod
2020-01-31 14:42:30.586 DEBUG 5672 --- [main] hj.springboot.study.AppRunner            : 19
2020-01-31 14:56:49.114  INFO 14828 --- [main] h.s.study.ProfileStudyApplication        : Starting ProfileStudyApplication on DESKTOP-1E2QRRD with PID 14828 (started by rlagu in C:\Users\rlagu\OneDrive\바탕 화면\Springboot-study\Profile_study)
2020-01-31 14:56:49.118 DEBUG 14828 --- [main] h.s.study.ProfileStudyApplication        : Running with Spring Boot v2.2.4.RELEASE, Spring v5.2.3.RELEASE
2020-01-31 14:56:49.119  INFO 14828 --- [main] h.s.study.ProfileStudyApplication        : The following profiles are active: prod,proddb
2020-01-31 14:56:49.690  INFO 14828 --- [main] h.s.study.ProfileStudyApplication        : Started ProfileStudyApplication in 1.07 seconds (JVM running for 2.45)
2020-01-31 14:56:49.692 DEBUG 14828 --- [main] hj.springboot.study.AppRunner            : ===================================
2020-01-31 14:56:49.692 DEBUG 14828 --- [main] hj.springboot.study.AppRunner            : KHJ
2020-01-31 14:56:49.693 DEBUG 14828 --- [main] hj.springboot.study.AppRunner            : prod
2020-01-31 14:56:49.693 DEBUG 14828 --- [main] hj.springboot.study.AppRunner            : 19
2020-01-31 14:58:27.645  INFO 18352 --- [main] h.s.study.ProfileStudyApplication        : Starting ProfileStudyApplication on DESKTOP-1E2QRRD with PID 18352 (started by rlagu in C:\Users\rlagu\OneDrive\바탕 화면\Springboot-study\Profile_study)
2020-01-31 14:58:27.648 DEBUG 18352 --- [main] h.s.study.ProfileStudyApplication        : Running with Spring Boot v2.2.4.RELEASE, Spring v5.2.3.RELEASE
2020-01-31 14:58:27.649  INFO 18352 --- [main] h.s.study.ProfileStudyApplication        : The following profiles are active: prod,proddb
2020-01-31 14:58:28.633  INFO 18352 --- [main] o.s.b.w.embedded.tomcat.TomcatWebServer  : Tomcat initialized with port(s): 8080 (http)
2020-01-31 14:58:28.647  INFO 18352 --- [main] o.apache.catalina.core.StandardService   : Starting service [Tomcat]
2020-01-31 14:58:28.647  INFO 18352 --- [main] org.apache.catalina.core.StandardEngine  : Starting Servlet engine: [Apache Tomcat/9.0.30]
2020-01-31 14:58:28.772  INFO 18352 --- [main] o.a.c.c.C.[Tomcat].[localhost].[/]       : Initializing Spring embedded WebApplicationContext
2020-01-31 14:58:28.773  INFO 18352 --- [main] o.s.web.context.ContextLoader            : Root WebApplicationContext: initialization completed in 1077 ms
2020-01-31 14:58:29.005  INFO 18352 --- [main] o.s.s.concurrent.ThreadPoolTaskExecutor  : Initializing ExecutorService 'applicationTaskExecutor'
2020-01-31 14:58:29.212  INFO 18352 --- [main] o.s.b.w.embedded.tomcat.TomcatWebServer  : Tomcat started on port(s): 8080 (http) with context path ''
2020-01-31 14:58:29.216  INFO 18352 --- [main] h.s.study.ProfileStudyApplication        : Started ProfileStudyApplication in 1.978 seconds (JVM running for 3.133)
2020-01-31 14:58:29.218 DEBUG 18352 --- [main] hj.springboot.study.AppRunner            : ===================================
2020-01-31 14:58:29.219 DEBUG 18352 --- [main] hj.springboot.study.AppRunner            : KHJ
2020-01-31 14:58:29.219 DEBUG 18352 --- [main] hj.springboot.study.AppRunner            : prod
2020-01-31 14:58:29.219 DEBUG 18352 --- [main] hj.springboot.study.AppRunner            : 19
2020-01-31 14:58:33.341  INFO 18352 --- [RMI TCP Connection(9)-127.0.0.1] inMXBeanRegistrar$SpringApplicationAdmin : Application shutdown requested.
2020-01-31 14:58:33.344  INFO 18352 --- [RMI TCP Connection(9)-127.0.0.1] o.s.s.concurrent.ThreadPoolTaskExecutor  : Shutting down ExecutorService 'applicationTaskExecutor'
2020-01-31 14:58:39.039  INFO 13372 --- [main] h.s.study.ProfileStudyApplication        : Starting ProfileStudyApplication on DESKTOP-1E2QRRD with PID 13372 (started by rlagu in C:\Users\rlagu\OneDrive\바탕 화면\Springboot-study\Profile_study)
2020-01-31 14:58:39.042 DEBUG 13372 --- [main] h.s.study.ProfileStudyApplication        : Running with Spring Boot v2.2.4.RELEASE, Spring v5.2.3.RELEASE
2020-01-31 14:58:39.042  INFO 13372 --- [main] h.s.study.ProfileStudyApplication        : The following profiles are active: prod,proddb
2020-01-31 14:58:39.861  INFO 13372 --- [main] h.s.study.ProfileStudyApplication        : Started ProfileStudyApplication in 1.252 seconds (JVM running for 2.466)
2020-01-31 14:58:39.862 DEBUG 13372 --- [main] hj.springboot.study.AppRunner            : ===================================
2020-01-31 14:58:39.862 DEBUG 13372 --- [main] hj.springboot.study.AppRunner            : KHJ
2020-01-31 14:58:39.862 DEBUG 13372 --- [main] hj.springboot.study.AppRunner            : prod
2020-01-31 14:58:39.863 DEBUG 13372 --- [main] hj.springboot.study.AppRunner            : 19
2020-01-31 14:58:50.218  INFO 18380 --- [main] h.s.study.ProfileStudyApplication        : Starting ProfileStudyApplication on DESKTOP-1E2QRRD with PID 18380 (started by rlagu in C:\Users\rlagu\OneDrive\바탕 화면\Springboot-study\Profile_study)
2020-01-31 14:58:50.223 DEBUG 18380 --- [main] h.s.study.ProfileStudyApplication        : Running with Spring Boot v2.2.4.RELEASE, Spring v5.2.3.RELEASE
2020-01-31 14:58:50.224  INFO 18380 --- [main] h.s.study.ProfileStudyApplication        : The following profiles are active: prod,proddb
2020-01-31 14:58:51.724  INFO 18380 --- [main] o.s.b.w.embedded.tomcat.TomcatWebServer  : Tomcat initialized with port(s): 8080 (http)
2020-01-31 14:58:51.734  INFO 18380 --- [main] o.apache.catalina.core.StandardService   : Starting service [Tomcat]
2020-01-31 14:58:51.735  INFO 18380 --- [main] org.apache.catalina.core.StandardEngine  : Starting Servlet engine: [Apache Tomcat/9.0.30]
2020-01-31 14:58:51.829  INFO 18380 --- [main] o.a.c.c.C.[Tomcat].[localhost].[/]       : Initializing Spring embedded WebApplicationContext
2020-01-31 14:58:51.829  INFO 18380 --- [main] o.s.web.context.ContextLoader            : Root WebApplicationContext: initialization completed in 1489 ms
2020-01-31 14:58:52.021  INFO 18380 --- [main] o.s.s.concurrent.ThreadPoolTaskExecutor  : Initializing ExecutorService 'applicationTaskExecutor'
2020-01-31 14:58:52.215  INFO 18380 --- [main] o.s.b.w.embedded.tomcat.TomcatWebServer  : Tomcat started on port(s): 8080 (http) with context path ''
2020-01-31 14:58:52.219  INFO 18380 --- [main] h.s.study.ProfileStudyApplication        : Started ProfileStudyApplication in 2.5 seconds (JVM running for 3.821)
2020-01-31 14:58:52.220 DEBUG 18380 --- [main] hj.springboot.study.AppRunner            : ===================================
2020-01-31 14:58:52.221 DEBUG 18380 --- [main] hj.springboot.study.AppRunner            : KHJ
2020-01-31 14:58:52.221 DEBUG 18380 --- [main] hj.springboot.study.AppRunner            : prod
2020-01-31 14:58:52.221 DEBUG 18380 --- [main] hj.springboot.study.AppRunner            : 19
2020-01-31 14:58:52.310  INFO 18380 --- [http-nio-8080-exec-1] o.a.c.c.C.[Tomcat].[localhost].[/]       : Initializing Spring DispatcherServlet 'dispatcherServlet'
2020-01-31 14:58:52.312  INFO 18380 --- [http-nio-8080-exec-1] o.s.web.servlet.DispatcherServlet        : Initializing Servlet 'dispatcherServlet'
2020-01-31 14:58:52.323  INFO 18380 --- [http-nio-8080-exec-1] o.s.web.servlet.DispatcherServlet        : Completed initialization in 10 ms
2020-01-31 14:59:02.423  INFO 18380 --- [RMI TCP Connection(8)-127.0.0.1] inMXBeanRegistrar$SpringApplicationAdmin : Application shutdown requested.
2020-01-31 14:59:02.426  INFO 18380 --- [RMI TCP Connection(8)-127.0.0.1] o.s.s.concurrent.ThreadPoolTaskExecutor  : Shutting down ExecutorService 'applicationTaskExecutor'
2020-01-31 15:04:08.287  INFO 11124 --- [main] h.s.s.ProfileStudyApplication            : Starting ProfileStudyApplication on DESKTOP-1E2QRRD with PID 11124 (started by rlagu in C:\Users\rlagu\OneDrive\바탕 화면\Springboot-study\Profile_study)
2020-01-31 15:04:08.295 DEBUG 11124 --- [main] h.s.s.ProfileStudyApplication            : Running with Spring Boot v2.2.4.RELEASE, Spring v5.2.3.RELEASE
2020-01-31 15:04:08.296  INFO 11124 --- [main] h.s.s.ProfileStudyApplication            : The following profiles are active: prod,proddb
2020-01-31 15:04:08.975  INFO 11124 --- [main] h.s.s.ProfileStudyApplication            : Started ProfileStudyApplication in 1.201 seconds (JVM running for 3.122)
2020-01-31 15:04:08.976 DEBUG 11124 --- [main] h.s.s.AppRunner                          : ===================================
2020-01-31 15:04:08.976 DEBUG 11124 --- [main] h.s.s.AppRunner                          : KHJ
2020-01-31 15:04:08.977 DEBUG 11124 --- [main] h.s.s.AppRunner                          : prod
2020-01-31 15:04:08.977 DEBUG 11124 --- [main] h.s.s.AppRunner                          : 19
